<?xml version="1.0" encoding="UTF-8"?>
<!-- Generated by org.testng.reporters.JUnitReportReporter -->
<testsuite skipped="0" hostname="TMLO-100802" name="TAS.MavenJAVA.WebApiTest" tests="2" failures="0" timestamp="2020-06-26T07:39:52 CEST" time="0.018" errors="0">
  <testcase name="restapi" time="0.016" classname="TAS.MavenJAVA.WebApiTest"/>
  <system-out/>
  <testcase name="soupapi" time="0.002" classname="TAS.MavenJAVA.WebApiTest"/>
  <system-out/>
</testsuite> <!-- TAS.MavenJAVA.WebApiTest -->
