<?xml version="1.0" encoding="UTF-8"?>
<!-- Generated by org.testng.reporters.JUnitReportReporter -->
<testsuite skipped="0" hostname="TMLO-100802" name="TAS.MavenJAVA.WebApiTest" tests="2" failures="0" timestamp="2020-06-12T19:07:44 CEST" time="0.002" errors="0">
  <testcase name="soupapi" time="0.001" classname="TAS.MavenJAVA.WebApiTest"/>
  <system-out/>
  <testcase name="restapi" time="0.001" classname="TAS.MavenJAVA.WebApiTest"/>
  <system-out/>
</testsuite> <!-- TAS.MavenJAVA.WebApiTest -->
