<?xml version="1.0" encoding="UTF-8"?>
<!-- Generated by org.testng.reporters.JUnitReportReporter -->
<testsuite skipped="0" hostname="TMLO-100802" name="TAS.MavenJAVA.MobileAppTest" tests="2" failures="0" timestamp="2020-06-12T19:07:44 CEST" time="0.005" errors="0">
  <testcase name="mobileandroidn" time="0.000" classname="TAS.MavenJAVA.MobileAppTest"/>
  <system-out/>
  <testcase name="mobileIOS" time="0.005" classname="TAS.MavenJAVA.MobileAppTest"/>
  <system-out/>
</testsuite> <!-- TAS.MavenJAVA.MobileAppTest -->
