<?xml version="1.0" encoding="UTF-8"?>
<!-- Generated by org.testng.reporters.JUnitReportReporter -->
<testsuite skipped="0" hostname="TMLO-100802" name="TAS.MavenJAVA.SeleniumWebTest" tests="2" failures="0" timestamp="2020-06-12T19:07:44 CEST" time="0.000" errors="0">
  <testcase name="st" time="0.000" classname="TAS.MavenJAVA.SeleniumWebTest"/>
  <system-out/>
  <testcase name="ait" time="0.000" classname="TAS.MavenJAVA.SeleniumWebTest"/>
  <system-out/>
</testsuite> <!-- TAS.MavenJAVA.SeleniumWebTest -->
